mode: set
github.com/artziel/go-api-service/sample/main.go:11.54,15.2 1 0
github.com/artziel/go-api-service/sample/main.go:17.60,22.2 2 0
github.com/artziel/go-api-service/sample/main.go:24.55,27.2 2 0
github.com/artziel/go-api-service/sample/main.go:29.13,43.45 6 0
github.com/artziel/go-api-service/sample/main.go:43.45,45.3 1 0
github.com/artziel/go-api-service/middleware.go:11.58,13.61 1 1
github.com/artziel/go-api-service/middleware.go:13.61,20.4 2 1
github.com/artziel/go-api-service/middleware.go:23.64,25.61 1 1
github.com/artziel/go-api-service/middleware.go:25.61,27.25 2 1
github.com/artziel/go-api-service/middleware.go:27.25,29.5 1 1
github.com/artziel/go-api-service/middleware.go:29.10,31.5 1 1
github.com/artziel/go-api-service/service.go:38.73,40.30 1 1
github.com/artziel/go-api-service/service.go:44.2,44.27 1 1
github.com/artziel/go-api-service/service.go:48.2,48.26 1 1
github.com/artziel/go-api-service/service.go:52.2,52.25 1 1
github.com/artziel/go-api-service/service.go:56.2,56.19 1 1
github.com/artziel/go-api-service/service.go:60.2,77.12 3 1
github.com/artziel/go-api-service/service.go:40.30,42.3 1 1
github.com/artziel/go-api-service/service.go:44.27,46.3 1 1
github.com/artziel/go-api-service/service.go:48.26,50.3 1 1
github.com/artziel/go-api-service/service.go:52.25,54.3 1 1
github.com/artziel/go-api-service/service.go:56.19,58.3 1 1
github.com/artziel/go-api-service/service.go:80.40,82.2 1 1
github.com/artziel/go-api-service/service.go:84.34,90.2 5 1
github.com/artziel/go-api-service/service.go:92.45,95.24 3 1
github.com/artziel/go-api-service/service.go:95.24,97.3 1 0
github.com/artziel/go-api-service/service.go:100.86,106.16 5 1
github.com/artziel/go-api-service/service.go:110.2,110.12 1 1
github.com/artziel/go-api-service/service.go:106.16,108.3 1 1
github.com/artziel/go-api-service/service.go:113.42,114.28 1 1
github.com/artziel/go-api-service/service.go:119.2,123.65 4 1
github.com/artziel/go-api-service/service.go:114.28,115.87 1 1
github.com/artziel/go-api-service/service.go:115.87,116.14 1 0
github.com/artziel/go-api-service/utilities.go:13.71,15.2 1 1
github.com/artziel/go-api-service/utilities.go:17.78,19.2 1 1
github.com/artziel/go-api-service/utilities.go:21.76,27.2 4 1
github.com/artziel/go-api-service/utilities.go:29.38,33.2 2 1
github.com/artziel/go-api-service/utilities.go:35.84,38.16 3 1
github.com/artziel/go-api-service/utilities.go:45.2,47.12 2 1
github.com/artziel/go-api-service/utilities.go:38.16,40.17 2 1
github.com/artziel/go-api-service/utilities.go:43.3,43.18 1 1
github.com/artziel/go-api-service/utilities.go:40.17,42.4 1 1
github.com/artziel/go-api-service/utilities.go:50.103,54.16 4 1
github.com/artziel/go-api-service/utilities.go:62.2,64.20 2 1
github.com/artziel/go-api-service/utilities.go:54.16,56.17 2 1
github.com/artziel/go-api-service/utilities.go:60.3,60.21 1 1
github.com/artziel/go-api-service/utilities.go:56.17,59.4 2 1
github.com/artziel/go-api-service/utilities.go:67.55,70.20 2 1
github.com/artziel/go-api-service/utilities.go:77.2,77.14 1 1
github.com/artziel/go-api-service/utilities.go:70.20,73.25 2 1
github.com/artziel/go-api-service/utilities.go:73.25,75.4 1 1
github.com/artziel/go-api-service/utilities.go:80.36,84.19 3 1
github.com/artziel/go-api-service/utilities.go:91.2,91.17 1 1
github.com/artziel/go-api-service/utilities.go:84.19,87.44 3 1
github.com/artziel/go-api-service/utilities.go:87.44,89.4 1 1
github.com/artziel/go-api-service/utilities.go:94.36,98.39 3 1
github.com/artziel/go-api-service/utilities.go:102.2,102.17 1 1
github.com/artziel/go-api-service/utilities.go:98.39,100.3 1 1
github.com/artziel/go-api-service/utilities.go:105.41,109.21 3 1
github.com/artziel/go-api-service/utilities.go:113.2,113.11 1 1
github.com/artziel/go-api-service/utilities.go:109.21,111.3 1 0
github.com/artziel/go-api-service/utilities.go:116.44,121.15 4 1
github.com/artziel/go-api-service/utilities.go:124.2,124.15 1 1
github.com/artziel/go-api-service/utilities.go:128.2,128.17 1 1
github.com/artziel/go-api-service/utilities.go:121.15,123.3 1 1
github.com/artziel/go-api-service/utilities.go:124.15,126.3 1 1
